<?xml version="1.0" encoding="UTF-8"?>
<!-- Generated by org.testng.reporters.JUnitXMLReporter -->
<testsuite ignored="0" hostname="LAPTOP-VPBM84N4" failures="0" tests="7" name="Free CRM Test Cases" time="65.228" errors="0" timestamp="2022-07-18T21:03:40 EDT">
  <testcase classname="com.crm.qa.tests.LoginTest" name="loginPageTitleTest" time="0.21"/>
  <testcase classname="com.crm.qa.tests.LoginTest" name="loginTest" time="6.677"/>
  <testcase classname="com.crm.qa.tests.HomePageTest" name="verifyHomePageTitleTest" time="0.005"/>
  <testcase classname="com.crm.qa.tests.HomePageTest" name="verifyUserNameTest" time="0.89"/>
  <testcase classname="com.crm.qa.tests.HomePageTest" name="verifyContactsLinkTest" time="1.229"/>
  <testcase classname="com.crm.qa.tests.ContactsPageTest" name="verifyContactsPageLabel" time="0.022"/>
  <testcase classname="com.crm.qa.tests.ContactsPageTest" name="selectContactsTest" time="2.179"/>
</testsuite> <!-- Free CRM Test Cases -->
