<?xml version="1.0" encoding="UTF-8"?>
<!-- Generated by org.testng.reporters.JUnitXMLReporter -->
<testsuite ignored="0" hostname="LAPTOP-VPBM84N4" failures="0" tests="9" name="Surefire test" time="125.539" errors="0" timestamp="2022-07-26T20:54:35 EDT">
  <testcase classname="com.crm.qa.tests.ContactsPageTest" name="verifyContactsPageLabel" time="0.094"/>
  <testcase classname="com.crm.qa.tests.ContactsPageTest" name="selectContactsTest" time="2.266"/>
  <testcase classname="com.crm.qa.tests.ContactsPageTest" name="validateCreateNewContact" time="7.235"/>
  <testcase classname="com.crm.qa.tests.ContactsPageTest" name="validateCreateNewContact" time="7.485"/>
  <testcase classname="com.crm.qa.tests.HomePageTest" name="verifyHomePageTitleTest" time="0.015"/>
  <testcase classname="com.crm.qa.tests.HomePageTest" name="verifyUserNameTest" time="1.248"/>
  <testcase classname="com.crm.qa.tests.HomePageTest" name="verifyContactsLinkTest" time="0.874"/>
  <testcase classname="com.crm.qa.tests.LoginTest" name="loginPageTitleTest" time="0.048"/>
  <testcase classname="com.crm.qa.tests.LoginTest" name="loginTest" time="8.119"/>
</testsuite> <!-- Surefire test -->
