<?xml version="1.0" encoding="UTF-8"?>
<!-- Generated by org.testng.reporters.JUnitXMLReporter -->
<testsuite ignored="2" hostname="LAPTOP-VPBM84N4" failures="0" tests="2" name="Default test" time="41.061" errors="0" timestamp="2022-07-21T22:14:29 EDT">
  <testcase classname="com.crm.qa.tests.ContactsPageTest" name="validateCreateNewContact" time="7.561"/>
  <testcase classname="com.crm.qa.tests.ContactsPageTest" name="validateCreateNewContact" time="7.406"/>
  <testcase classname="com.crm.qa.tests.ContactsPageTest" name="selectContactsTest" time="0.0">
    <ignored/>
  </testcase> <!-- selectContactsTest -->
  <testcase classname="com.crm.qa.tests.ContactsPageTest" name="verifyContactsPageLabel" time="0.0">
    <ignored/>
  </testcase> <!-- verifyContactsPageLabel -->
</testsuite> <!-- Default test -->
