<?xml version="1.0" encoding="UTF-8"?>
<testng-results ignored="2" total="4" passed="2" failed="0" skipped="0">
  <reporter-output>
  </reporter-output>
  <suite started-at="2022-07-21T22:13:48 EDT" name="Default suite" finished-at="2022-07-21T22:14:29 EDT" duration-ms="41061">
    <groups>
    </groups>
    <test started-at="2022-07-21T22:13:48 EDT" name="Default test" finished-at="2022-07-21T22:14:29 EDT" duration-ms="41061">
      <class name="com.crm.qa.tests.ContactsPageTest">
        <test-method is-config="true" signature="setUp()[pri:0, instance:com.crm.qa.tests.ContactsPageTest@2b71e916]" started-at="2022-07-21T22:13:48 EDT" name="setUp" finished-at="2022-07-21T22:14:01 EDT" duration-ms="12827" status="PASS">
          <reporter-output>
          </reporter-output>
        </test-method> <!-- setUp -->
        <test-method signature="validateCreateNewContact(java.lang.String,java.lang.String)[pri:3, instance:com.crm.qa.tests.ContactsPageTest@2b71e916]" started-at="2022-07-21T22:14:01 EDT" name="validateCreateNewContact" data-provider="getCRMTestData" finished-at="2022-07-21T22:14:09 EDT" duration-ms="7561" status="PASS">
          <params>
            <param index="0">
              <value>
                <![CDATA[Ann]]>
              </value>
            </param>
            <param index="1">
              <value>
                <![CDATA[Joseph]]>
              </value>
            </param>
          </params>
          <reporter-output>
          </reporter-output>
        </test-method> <!-- validateCreateNewContact -->
        <test-method is-config="true" signature="tearDown()[pri:0, instance:com.crm.qa.tests.ContactsPageTest@2b71e916]" started-at="2022-07-21T22:14:09 EDT" name="tearDown" finished-at="2022-07-21T22:14:09 EDT" duration-ms="255" status="PASS">
          <reporter-output>
          </reporter-output>
        </test-method> <!-- tearDown -->
        <test-method is-config="true" signature="setUp()[pri:0, instance:com.crm.qa.tests.ContactsPageTest@2b71e916]" started-at="2022-07-21T22:14:09 EDT" name="setUp" finished-at="2022-07-21T22:14:21 EDT" duration-ms="12286" status="PASS">
          <reporter-output>
          </reporter-output>
        </test-method> <!-- setUp -->
        <test-method signature="validateCreateNewContact(java.lang.String,java.lang.String)[pri:3, instance:com.crm.qa.tests.ContactsPageTest@2b71e916]" started-at="2022-07-21T22:14:21 EDT" name="validateCreateNewContact" data-provider="getCRMTestData" finished-at="2022-07-21T22:14:28 EDT" duration-ms="7406" status="PASS">
          <params>
            <param index="0">
              <value>
                <![CDATA[Deepu]]>
              </value>
            </param>
            <param index="1">
              <value>
                <![CDATA[Jose]]>
              </value>
            </param>
          </params>
          <reporter-output>
          </reporter-output>
        </test-method> <!-- validateCreateNewContact -->
        <test-method is-config="true" signature="tearDown()[pri:0, instance:com.crm.qa.tests.ContactsPageTest@2b71e916]" started-at="2022-07-21T22:14:28 EDT" name="tearDown" finished-at="2022-07-21T22:14:29 EDT" duration-ms="293" status="PASS">
          <reporter-output>
          </reporter-output>
        </test-method> <!-- tearDown -->
      </class> <!-- com.crm.qa.tests.ContactsPageTest -->
    </test> <!-- Default test -->
  </suite> <!-- Default suite -->
</testng-results>
